<?xml version="1.0" encoding="UTF-8"?>
<!-- Generated by org.testng.reporters.JUnitReportReporter -->
<testsuite ignored="0" hostname="Rumana_Akther" failures="0" tests="1" name="test.HomePageTest" time="0.045" errors="0" timestamp="07 May 2023 02:10:08 GMT" skipped="0">
  <testcase classname="test.HomePageTest" name="homepagetest" time="0.045"/>
</testsuite> <!-- test.HomePageTest -->
