<?xml version="1.0" encoding="UTF-8"?>
<!-- Generated by org.testng.reporters.JUnitReportReporter -->
<testsuite ignored="0" hostname="Rumana_Akther" failures="0" tests="1" name="test.CreateAccPageTest" time="1.736" errors="0" timestamp="07 May 2023 14:25:59 GMT" skipped="0">
  <testcase classname="test.CreateAccPageTest" name="createAccPageTest" time="1.736"/>
</testsuite> <!-- test.CreateAccPageTest -->
